<?xml version="1.0" encoding="UTF-8"?>
<testsuite xmlns:xsi="http://www.w3.org/2001/XMLSchema-instance" xsi:noNamespaceSchemaLocation="https://maven.apache.org/surefire/maven-surefire-plugin/xsd/surefire-test-report.xsd" name="SetupClass.TestRun" time="1,012.158" tests="106" errors="0" skipped="0" failures="0">
  <properties>
[...]
</properties>
  <testcase name="Given user is already on PDP Page FP i" classname="Scenario: Email Sign UP Incorrect Data" time="0.001"/>
  <testcase name="Then User click on Download button to download the product i" classname="Scenario: Email Sign UP Incorrect Data" time="0"/>
  <testcase name="Then user is redirected to sign up page i" classname="Scenario: Email Sign UP Incorrect Data" time="0"/>
  <testcase name="Then user enter incorrect details to sign up i" classname="Scenario: Email Sign UP Incorrect Data" time="0"/>
  <testcase name="Then error message is displayed i" classname="Scenario: Email Sign UP Incorrect Data" time="0"/>
  <testcase name="Then user enter new email and correct details to sign up i" classname="Scenario: Email Sign UP Incorrect Data" time="0"/>
  <testcase name="Then user is redirected to pricing page And then user navigates to free ppt page i" classname="Scenario: Email Sign UP Incorrect Data" time="0"/>
  <testcase name="Then user downloads a free product i" classname="Scenario: Email Sign UP Incorrect Data" time="0"/>
  <testcase name="Then user delete the account i" classname="Scenario: Email Sign UP Incorrect Data" time="0"/>
  <testcase name="Scenario: Email Sign UP Incorrect Data" classname="Scenario: Email Sign UP Incorrect Data" time="0"/>
  <testcase name="Given user is already on PDP Page FP ii" classname="Scenario: PDP Email Sign UP Correct Data" time="0"/>
  <testcase name="Then User click on Download button to download the product ii" classname="Scenario: PDP Email Sign UP Correct Data" time="0"/>
  <testcase name="Then user is redirected to sign up page ii" classname="Scenario: PDP Email Sign UP Correct Data" time="0"/>
  <testcase name="Then user enter new email and correct details to sign up ii" classname="Scenario: PDP Email Sign UP Correct Data" time="0"/>
  <testcase name="Then user is redirected to pricing page And then user navigates to free ppt page ii" classname="Scenario: PDP Email Sign UP Correct Data" time="0"/>
  <testcase name="Then user downloads a free product ii" classname="Scenario: PDP Email Sign UP Correct Data" time="0"/>
  <testcase name="Then user delete the account ii" classname="Scenario: PDP Email Sign UP Correct Data" time="0"/>
  <testcase name="Scenario: PDP Email Sign UP Correct Data" classname="Scenario: PDP Email Sign UP Correct Data" time="0"/>
  <testcase name="Given user is already on pdp page iii" classname="Scenario: PDP Facebook Sign UP" time="0"/>
  <testcase name="Then User click on Download button to download the product iii" classname="Scenario: PDP Facebook Sign UP" time="0"/>
  <testcase name="Then user is redirected to sign up page iii" classname="Scenario: PDP Facebook Sign UP" time="0"/>
  <testcase name="Then User click on sign in with facebook button iii" classname="Scenario: PDP Facebook Sign UP" time="0"/>
  <testcase name="Then user is redirected to pricing page iii" classname="Scenario: PDP Facebook Sign UP" time="0.001"/>
  <testcase name="Then user go to free ppts page  iii" classname="Scenario: PDP Facebook Sign UP" time="0"/>
  <testcase name="Then user download a free ppt  iii" classname="Scenario: PDP Facebook Sign UP" time="0"/>
  <testcase name="Then user delete the account iii" classname="Scenario: PDP Facebook Sign UP" time="0"/>
  <testcase name="Scenario: PDP Facebook Sign UP" classname="Scenario: PDP Facebook Sign UP" time="0"/>
  <testcase name="Given user is already on pdp page v" classname="Scenario: PDP Gmail Sign UP" time="0"/>
  <testcase name="Then User click on Download button to download the product v" classname="Scenario: PDP Gmail Sign UP" time="0"/>
  <testcase name="Then user is redirected to sign up page v" classname="Scenario: PDP Gmail Sign UP" time="0"/>
  <testcase name="Then User click on sign in with google button v" classname="Scenario: PDP Gmail Sign UP" time="0"/>
  <testcase name="Then user is redirected to pricing page v" classname="Scenario: PDP Gmail Sign UP" time="0"/>
  <testcase name="Then user go to free ppts page v" classname="Scenario: PDP Gmail Sign UP" time="0"/>
  <testcase name="Then user download a free ppt v" classname="Scenario: PDP Gmail Sign UP" time="0"/>
  <testcase name="Then user delete the account v" classname="Scenario: PDP Gmail Sign UP" time="0"/>
  <testcase name="Scenario: PDP Gmail Sign UP" classname="Scenario: PDP Gmail Sign UP" time="0.001"/>
  <testcase name="Given user is already on PDP Page MD vii" classname="Scenario: PDP Email Login Incorrect Data Paid User" time="0"/>
  <testcase name="Then User click on Download button to download the product vii" classname="Scenario: PDP Email Login Incorrect Data Paid User" time="0"/>
  <testcase name="Then user is redirected to Login page vii" classname="Scenario: PDP Email Login Incorrect Data Paid User" time="0"/>
  <testcase name="Then user enter incorrect details to login vii" classname="Scenario: PDP Email Login Incorrect Data Paid User" time="0"/>
  <testcase name="Then error message is displayed vii" classname="Scenario: PDP Email Login Incorrect Data Paid User" time="0"/>
  <testcase name="Then user login with correct details vii" classname="Scenario: PDP Email Login Incorrect Data Paid User" time="0"/>
  <testcase name="Then user will be redirected to same pdp page vii" classname="Scenario: PDP Email Login Incorrect Data Paid User" time="0"/>
  <testcase name="Then user download the product vii" classname="Scenario: PDP Email Login Incorrect Data Paid User" time="0"/>
  <testcase name="Then user logout from website vii" classname="Scenario: PDP Email Login Incorrect Data Paid User" time="0"/>
  <testcase name="Scenario: PDP Email Login Incorrect Data Paid User" classname="Scenario: PDP Email Login Incorrect Data Paid User" time="0"/>
  <testcase name="Given user is already on PDP Page MD viii" classname="Scenario: PDP Email Login Correct Data Paid User" time="0"/>
  <testcase name="Then User click on Download button to download the product viii" classname="Scenario: PDP Email Login Correct Data Paid User" time="0"/>
  <testcase name="Then user is redirected to Login page viii" classname="Scenario: PDP Email Login Correct Data Paid User" time="0"/>
  <testcase name="Then user login with correct details viii" classname="Scenario: PDP Email Login Correct Data Paid User" time="0"/>
  <testcase name="Then user will be redirected to same pdp page viii" classname="Scenario: PDP Email Login Correct Data Paid User" time="0"/>
  <testcase name="Then user download the product viii" classname="Scenario: PDP Email Login Correct Data Paid User" time="0"/>
  <testcase name="Then user logout from website viii" classname="Scenario: PDP Email Login Correct Data Paid User" time="0"/>
  <testcase name="Scenario: PDP Email Login Correct Data Paid User" classname="Scenario: PDP Email Login Correct Data Paid User" time="0.005"/>
  <testcase name="Given user is already on pdp page CD ix" classname="Scenario: PDP Facebook Login Paid User" time="0"/>
  <testcase name="Then User click on Download button to download the product ix" classname="Scenario: PDP Facebook Login Paid User" time="0"/>
  <testcase name="Then user is redirected to Login page ix" classname="Scenario: PDP Facebook Login Paid User" time="0"/>
  <testcase name="Then User click on sign in with facebook button ix" classname="Scenario: PDP Facebook Login Paid User" time="0"/>
  <testcase name="Then user will be redirected to same page pdpd ix" classname="Scenario: PDP Facebook Login Paid User" time="0"/>
  <testcase name="Then user download the product ix" classname="Scenario: PDP Facebook Login Paid User" time="0"/>
  <testcase name="Then user logout from website ix" classname="Scenario: PDP Facebook Login Paid User" time="0"/>
  <testcase name="Scenario: PDP Facebook Login Paid User" classname="Scenario: PDP Facebook Login Paid User" time="0"/>
  <testcase name="Given navigate to the facebook url x" classname="Scenario: Facebook Logout" time="0"/>
  <testcase name="Scenario: Facebook Logout" classname="Scenario: Facebook Logout" time="0"/>
  <testcase name="Given user is already on pdp page CD xi" classname="Scenario: PDP Gmail Login Paid User" time="0"/>
  <testcase name="Then User click on Download button to download the product xi" classname="Scenario: PDP Gmail Login Paid User" time="0"/>
  <testcase name="Then user is redirected to Login page xi" classname="Scenario: PDP Gmail Login Paid User" time="0"/>
  <testcase name="Then User click on sign in with google button xi" classname="Scenario: PDP Gmail Login Paid User" time="0"/>
  <testcase name="Then user will be redirected to same page pdpd xi" classname="Scenario: PDP Gmail Login Paid User" time="0"/>
  <testcase name="Then user download the product xi" classname="Scenario: PDP Gmail Login Paid User" time="0"/>
  <testcase name="Then user logout from website xi" classname="Scenario: PDP Gmail Login Paid User" time="0"/>
  <testcase name="Scenario: PDP Gmail Login Paid User" classname="Scenario: PDP Gmail Login Paid User" time="0"/>
  <testcase name="Given navigate to the gmail url xii" classname="Scenario: Gmail Logout" time="0"/>
  <testcase name="Scenario: Gmail Logout" classname="Scenario: Gmail Logout" time="0"/>
  <testcase name="Given user is already on PDP Page NA xiii" classname="Scenario: PDP Email Login Incorrect Data Free User" time="0"/>
  <testcase name="Then User click on Download button to download the product xiii" classname="Scenario: PDP Email Login Incorrect Data Free User" time="0"/>
  <testcase name="Then user is redirected to Login page xiii" classname="Scenario: PDP Email Login Incorrect Data Free User" time="0"/>
  <testcase name="Then user enter incorrect details to login xiii" classname="Scenario: PDP Email Login Incorrect Data Free User" time="0"/>
  <testcase name="Then error message is displayed xiii" classname="Scenario: PDP Email Login Incorrect Data Free User" time="0"/>
  <testcase name="Then user login with correct details xiii" classname="Scenario: PDP Email Login Incorrect Data Free User" time="0"/>
  <testcase name="Then user is reedirected to pricing page xiii" classname="Scenario: PDP Email Login Incorrect Data Free User" time="0"/>
  <testcase name="Then user logout from website xiii" classname="Scenario: PDP Email Login Incorrect Data Free User" time="0"/>
  <testcase name="Scenario: PDP Email Login Incorrect Data Free User" classname="Scenario: PDP Email Login Incorrect Data Free User" time="0"/>
  <testcase name="Given user is already on PDP Page MD xiv" classname="Scenario: PDP Email Login Correct Data Free User" time="0"/>
  <testcase name="Then User click on Download button to download the product xiv" classname="Scenario: PDP Email Login Correct Data Free User" time="0"/>
  <testcase name="Then user is redirected to Login page xiv" classname="Scenario: PDP Email Login Correct Data Free User" time="0"/>
  <testcase name="Then user login with correct details xiv" classname="Scenario: PDP Email Login Correct Data Free User" time="0"/>
  <testcase name="Then user is reedirected to same pdp page and download the product xiv" classname="Scenario: PDP Email Login Correct Data Free User" time="0"/>
  <testcase name="Then user logout from website xiv" classname="Scenario: PDP Email Login Correct Data Free User" time="0"/>
  <testcase name="Scenario: PDP Email Login Correct Data Free User" classname="Scenario: PDP Email Login Correct Data Free User" time="0"/>
  <testcase name="Given user is already on pdp page FP xv" classname="Scenario: PDP Facebook Login Free User" time="0"/>
  <testcase name="Then User click on Download button to download the product xv" classname="Scenario: PDP Facebook Login Free User" time="0"/>
  <testcase name="Then user is redirected to Login page xv" classname="Scenario: PDP Facebook Login Free User" time="0"/>
  <testcase name="Then User click on sign in with facebook button xv" classname="Scenario: PDP Facebook Login Free User" time="0"/>
  <testcase name="Then user will be redirected to same page  xv" classname="Scenario: PDP Facebook Login Free User" time="0"/>
  <testcase name="Then user download the product xv" classname="Scenario: PDP Facebook Login Free User" time="0"/>
  <testcase name="Then user logout from website xv" classname="Scenario: PDP Facebook Login Free User" time="0"/>
  <testcase name="Scenario: PDP Facebook Login Free User" classname="Scenario: PDP Facebook Login Free User" time="0"/>
  <testcase name="Given user is already on pdp page FP xvii" classname="Scenario: PDP Gmail Login Free User" time="0"/>
  <testcase name="Then User click on Download button to download the product xvii" classname="Scenario: PDP Gmail Login Free User" time="0"/>
  <testcase name="Then user is redirected to Login page xvii" classname="Scenario: PDP Gmail Login Free User" time="0"/>
  <testcase name="Then User click on sign in with google button xvii" classname="Scenario: PDP Gmail Login Free User" time="0"/>
  <testcase name="Then user will be redirected to same page  xvii" classname="Scenario: PDP Gmail Login Free User" time="0"/>
  <testcase name="Then user download the product xvii" classname="Scenario: PDP Gmail Login Free User" time="0.001"/>
  <testcase name="Then user logout from website xvii" classname="Scenario: PDP Gmail Login Free User" time="0"/>
  <testcase name="Scenario: PDP Gmail Login Free User" classname="Scenario: PDP Gmail Login Free User" time="0"/>
</testsuite>